<?xml version="1.0" encoding="UTF-8"?>
<robot generator="Robot 7.0 (Python 3.12.1 on win32)" generated="2024-01-22T10:24:00.613751" rpa="false" schemaversion="5">
<suite id="s1" name="Login" source="D:\Automatização login\tests\Login.robot">
<test id="s1-t1" name="Cenário 1: Efetuo o login no site" line="6">
<kw name="Dado que eu entro na página de Login" owner="TestCases_Login">
<kw name="Open Browser" owner="SeleniumLibrary">
<msg time="2024-01-22T10:24:00.804826" level="INFO">Opening browser 'chrome' to base url 'https://www.saucedemo.com/'.</msg>
<arg>${URL}</arg>
<arg>${Browser}</arg>
<doc>Opens a new browser instance to the optional ``url``.</doc>
<status status="PASS" start="2024-01-22T10:24:00.804826" elapsed="2.877996"/>
</kw>
<kw name="Maximize Browser Window" owner="SeleniumLibrary">
<doc>Maximizes current browser window.</doc>
<status status="PASS" start="2024-01-22T10:24:03.684217" elapsed="0.123618"/>
</kw>
<status status="PASS" start="2024-01-22T10:24:00.803782" elapsed="3.004053"/>
</kw>
<kw name="Quando eu insiro os meus dados" owner="TestCases_Login">
<kw name="Input Text" owner="SeleniumLibrary">
<msg time="2024-01-22T10:24:03.809890" level="INFO">Typing text 'standard_user' into text field '//input[@id="user-name"]'.</msg>
<arg>${Login.Input_UserName}</arg>
<arg>${username}</arg>
<doc>Types the given ``text`` into the text field identified by ``locator``.</doc>
<status status="PASS" start="2024-01-22T10:24:03.808848" elapsed="0.198316"/>
</kw>
<kw name="Input Text" owner="SeleniumLibrary">
<msg time="2024-01-22T10:24:04.008464" level="INFO">Typing text 'secret_sauce' into text field '//input[@id="password"]'.</msg>
<arg>${Login.Input_Password}</arg>
<arg>${password}</arg>
<doc>Types the given ``text`` into the text field identified by ``locator``.</doc>
<status status="PASS" start="2024-01-22T10:24:04.007164" elapsed="0.099203"/>
</kw>
<status status="PASS" start="2024-01-22T10:24:03.808848" elapsed="0.297519"/>
</kw>
<kw name="E clico no botão de Login" owner="TestCases_Login">
<kw name="Click Button" owner="SeleniumLibrary">
<msg time="2024-01-22T10:24:04.107667" level="INFO">Clicking button '//input[@id="login-button"]'.</msg>
<arg>${Login.Button_Login}</arg>
<doc>Clicks the button identified by ``locator``.</doc>
<status status="PASS" start="2024-01-22T10:24:04.107667" elapsed="0.112076"/>
</kw>
<status status="PASS" start="2024-01-22T10:24:04.106367" elapsed="0.114502"/>
</kw>
<kw name="então sou redirecionado para o inventário" owner="TestCases_Login">
<kw name="Element Should Be Visible" owner="SeleniumLibrary">
<msg time="2024-01-22T10:24:04.263460" level="INFO">Element '//span[@class="title"]' is displayed.</msg>
<arg>${Prova}</arg>
<doc>Verifies that the element identified by ``locator`` is visible.</doc>
<status status="PASS" start="2024-01-22T10:24:04.220869" elapsed="0.042591"/>
</kw>
<kw name="Close Browser" owner="SeleniumLibrary">
<doc>Closes the current browser.</doc>
<status status="PASS" start="2024-01-22T10:24:04.263460" elapsed="2.256854"/>
</kw>
<status status="PASS" start="2024-01-22T10:24:04.220869" elapsed="2.299445"/>
</kw>
<status status="PASS" start="2024-01-22T10:24:00.803164" elapsed="5.718162"/>
</test>
<test id="s1-t2" name="Cenário 2: Efetuo o login com credenciais incorretas" line="12">
<kw name="Dado que eu entro na página de Login" owner="TestCases_Login">
<kw name="Open Browser" owner="SeleniumLibrary">
<msg time="2024-01-22T10:24:06.524471" level="INFO">Opening browser 'chrome' to base url 'https://www.saucedemo.com/'.</msg>
<arg>${URL}</arg>
<arg>${Browser}</arg>
<doc>Opens a new browser instance to the optional ``url``.</doc>
<status status="PASS" start="2024-01-22T10:24:06.524471" elapsed="2.456831"/>
</kw>
<kw name="Maximize Browser Window" owner="SeleniumLibrary">
<doc>Maximizes current browser window.</doc>
<status status="PASS" start="2024-01-22T10:24:08.981302" elapsed="0.126620"/>
</kw>
<status status="PASS" start="2024-01-22T10:24:06.523417" elapsed="2.585544"/>
</kw>
<kw name="Quando eu insiro os meus dados de forma incorreta" owner="TestCases_Login">
<kw name="Input Text" owner="SeleniumLibrary">
<msg time="2024-01-22T10:24:09.111085" level="INFO">Typing text 'standard_user1212' into text field '//input[@id="user-name"]'.</msg>
<arg>${Login.Input_UserName}</arg>
<arg>${username_incorreto}</arg>
<doc>Types the given ``text`` into the text field identified by ``locator``.</doc>
<status status="PASS" start="2024-01-22T10:24:09.109472" elapsed="0.189808"/>
</kw>
<kw name="Input Text" owner="SeleniumLibrary">
<msg time="2024-01-22T10:24:09.300941" level="INFO">Typing text 'secret_sauce1212' into text field '//input[@id="password"]'.</msg>
<arg>${Login.Input_Password}</arg>
<arg>${password_incorreto}</arg>
<doc>Types the given ``text`` into the text field identified by ``locator``.</doc>
<status status="PASS" start="2024-01-22T10:24:09.299280" elapsed="0.136759"/>
</kw>
<status status="PASS" start="2024-01-22T10:24:09.109472" elapsed="0.326567"/>
</kw>
<kw name="E clico no botão de Login" owner="TestCases_Login">
<kw name="Click Button" owner="SeleniumLibrary">
<msg time="2024-01-22T10:24:09.437041" level="INFO">Clicking button '//input[@id="login-button"]'.</msg>
<arg>${Login.Button_Login}</arg>
<doc>Clicks the button identified by ``locator``.</doc>
<status status="PASS" start="2024-01-22T10:24:09.437041" elapsed="0.081360"/>
</kw>
<status status="PASS" start="2024-01-22T10:24:09.437041" elapsed="0.081360"/>
</kw>
<kw name="então me aparece uma mensagem de erro" owner="TestCases_Login">
<kw name="Element Should Be Visible" owner="SeleniumLibrary">
<msg time="2024-01-22T10:24:09.554517" level="INFO">Element '//h3[@data-test="error"]' is displayed.</msg>
<arg>${Prova_Error}</arg>
<doc>Verifies that the element identified by ``locator`` is visible.</doc>
<status status="PASS" start="2024-01-22T10:24:09.518401" elapsed="0.036116"/>
</kw>
<kw name="Close Browser" owner="SeleniumLibrary">
<doc>Closes the current browser.</doc>
<status status="PASS" start="2024-01-22T10:24:09.554517" elapsed="2.107530"/>
</kw>
<status status="PASS" start="2024-01-22T10:24:09.518401" elapsed="2.143646"/>
</kw>
<status status="PASS" start="2024-01-22T10:24:06.523417" elapsed="5.139727"/>
</test>
<status status="PASS" start="2024-01-22T10:24:00.614751" elapsed="11.049401"/>
</suite>
<statistics>
<total>
<stat pass="2" fail="0" skip="0">All Tests</stat>
</total>
<tag>
</tag>
<suite>
<stat pass="2" fail="0" skip="0" id="s1" name="Login">Login</stat>
</suite>
</statistics>
<errors>
</errors>
</robot>
